<?xml version="1.0" encoding="UTF-8"?>
<!-- Generated by org.testng.reporters.JUnitReportReporter -->
<testsuite hostname="EPHUBUDW00F9" failures="0" tests="1" name="Assignment_RA" time="2.458" errors="0" timestamp="2021-08-17T14:51:25 CEST" skipped="0">
  <testcase classname="Assignment_RA" name="assignment" time="2.458"/>
  <system-out/>
</testsuite> <!-- Assignment_RA -->
